<?xml version="1.0" encoding="UTF-8"?>
<!-- Generated by org.testng.reporters.JUnitReportReporter -->
<testsuite skipped="0" hostname="LAPTOP-LSLT691C" name="DriverFactory.AppTest" tests="1" failures="0" timestamp="09 Jul 2021 05:52:46 GMT" time="89.425" errors="0">
  <testcase name="orangeStart" time="89.425" classname="DriverFactory.AppTest"/>
</testsuite> <!-- DriverFactory.AppTest -->
